<?xml version="1.0" encoding="UTF-8"?>
<coverage generated="1756643699730" clover="3.2.0">
  <project timestamp="1756643699730" name="All files">
    <metrics statements="75" coveredstatements="18" conditionals="27" coveredconditionals="6" methods="14" coveredmethods="7" elements="116" coveredelements="31" complexity="0" loc="75" ncloc="75" packages="7" files="11" classes="11"/>
    <package name="src">
      <metrics statements="25" coveredstatements="9" conditionals="4" coveredconditionals="3" methods="4" coveredmethods="3"/>
      <file name="app.controller.ts" path="/Users/golf/Desktop/netflix-demo-api/src/app.controller.ts">
        <metrics statements="6" coveredstatements="6" conditionals="4" coveredconditionals="3" methods="2" coveredmethods="2"/>
        <line num="1" count="1" type="stmt"/>
        <line num="2" count="1" type="stmt"/>
        <line num="5" count="1" type="stmt"/>
        <line num="6" count="1" type="cond" truecount="3" falsecount="1"/>
        <line num="9" count="1" type="stmt"/>
        <line num="10" count="1" type="stmt"/>
      </file>
      <file name="app.module.ts" path="/Users/golf/Desktop/netflix-demo-api/src/app.module.ts">
        <metrics statements="3" coveredstatements="0" conditionals="0" coveredconditionals="0" methods="0" coveredmethods="0"/>
        <line num="1" count="0" type="stmt"/>
        <line num="2" count="0" type="stmt"/>
        <line num="7" count="0" type="stmt"/>
      </file>
      <file name="app.service.ts" path="/Users/golf/Desktop/netflix-demo-api/src/app.service.ts">
        <metrics statements="3" coveredstatements="3" conditionals="0" coveredconditionals="0" methods="1" coveredmethods="1"/>
        <line num="1" count="1" type="stmt"/>
        <line num="4" count="1" type="stmt"/>
        <line num="6" count="1" type="stmt"/>
      </file>
      <file name="main.ts" path="/Users/golf/Desktop/netflix-demo-api/src/main.ts">
        <metrics statements="13" coveredstatements="0" conditionals="0" coveredconditionals="0" methods="1" coveredmethods="0"/>
        <line num="1" count="0" type="stmt"/>
        <line num="2" count="0" type="stmt"/>
        <line num="3" count="0" type="stmt"/>
        <line num="4" count="0" type="stmt"/>
        <line num="7" count="0" type="stmt"/>
        <line num="8" count="0" type="stmt"/>
        <line num="10" count="0" type="stmt"/>
        <line num="16" count="0" type="stmt"/>
        <line num="17" count="0" type="stmt"/>
        <line num="18" count="0" type="stmt"/>
        <line num="19" count="0" type="stmt"/>
        <line num="20" count="0" type="stmt"/>
        <line num="22" count="0" type="stmt"/>
      </file>
    </package>
    <package name="src.movie">
      <metrics statements="12" coveredstatements="5" conditionals="4" coveredconditionals="3" methods="3" coveredmethods="2"/>
      <file name="movie.module.ts" path="/Users/golf/Desktop/netflix-demo-api/src/movie/movie.module.ts">
        <metrics statements="7" coveredstatements="0" conditionals="0" coveredconditionals="0" methods="1" coveredmethods="0"/>
        <line num="3" count="0" type="stmt"/>
        <line num="4" count="0" type="stmt"/>
        <line num="5" count="0" type="stmt"/>
        <line num="6" count="0" type="stmt"/>
        <line num="7" count="0" type="stmt"/>
        <line num="20" count="0" type="stmt"/>
        <line num="26" count="0" type="stmt"/>
      </file>
      <file name="movie.service.ts" path="/Users/golf/Desktop/netflix-demo-api/src/movie/movie.service.ts">
        <metrics statements="5" coveredstatements="5" conditionals="4" coveredconditionals="3" methods="2" coveredmethods="2"/>
        <line num="1" count="1" type="stmt"/>
        <line num="2" count="1" type="stmt"/>
        <line num="5" count="1" type="stmt"/>
        <line num="6" count="1" type="cond" truecount="3" falsecount="1"/>
        <line num="9" count="1" type="stmt"/>
      </file>
    </package>
    <package name="src.movie.data">
      <metrics statements="12" coveredstatements="0" conditionals="4" coveredconditionals="0" methods="2" coveredmethods="0"/>
      <file name="movie.repository.impl.ts" path="/Users/golf/Desktop/netflix-demo-api/src/movie/data/movie.repository.impl.ts">
        <metrics statements="12" coveredstatements="0" conditionals="4" coveredconditionals="0" methods="2" coveredmethods="0"/>
        <line num="5" count="0" type="stmt"/>
        <line num="8" count="0" type="stmt"/>
        <line num="9" count="0" type="stmt"/>
        <line num="10" count="0" type="stmt"/>
        <line num="13" count="0" type="stmt"/>
        <line num="15" count="0" type="stmt"/>
        <line num="16" count="0" type="stmt"/>
        <line num="25" count="0" type="stmt"/>
        <line num="26" count="0" type="cond" truecount="0" falsecount="2"/>
        <line num="27" count="0" type="stmt"/>
        <line num="29" count="0" type="stmt"/>
        <line num="30" count="0" type="stmt"/>
      </file>
    </package>
    <package name="src.movie.domain.entities">
      <metrics statements="7" coveredstatements="0" conditionals="0" coveredconditionals="0" methods="0" coveredmethods="0"/>
      <file name="movie.entity.ts" path="/Users/golf/Desktop/netflix-demo-api/src/movie/domain/entities/movie.entity.ts">
        <metrics statements="7" coveredstatements="0" conditionals="0" coveredconditionals="0" methods="0" coveredmethods="0"/>
        <line num="1" count="0" type="stmt"/>
        <line num="3" count="0" type="stmt"/>
        <line num="5" count="0" type="stmt"/>
        <line num="8" count="0" type="stmt"/>
        <line num="14" count="0" type="stmt"/>
        <line num="17" count="0" type="stmt"/>
        <line num="23" count="0" type="stmt"/>
      </file>
    </package>
    <package name="src.movie.domain.usecases">
      <metrics statements="4" coveredstatements="4" conditionals="1" coveredconditionals="0" methods="2" coveredmethods="2"/>
      <file name="get-movies.usecase.ts" path="/Users/golf/Desktop/netflix-demo-api/src/movie/domain/usecases/get-movies.usecase.ts">
        <metrics statements="4" coveredstatements="4" conditionals="1" coveredconditionals="0" methods="2" coveredmethods="2"/>
        <line num="3" count="2" type="stmt"/>
        <line num="8" count="2" type="stmt"/>
        <line num="9" count="1" type="stmt"/>
        <line num="12" count="1" type="stmt"/>
      </file>
    </package>
    <package name="src.movie.presentation">
      <metrics statements="9" coveredstatements="0" conditionals="14" coveredconditionals="0" methods="2" coveredmethods="0"/>
      <file name="movie.controller.ts" path="/Users/golf/Desktop/netflix-demo-api/src/movie/presentation/movie.controller.ts">
        <metrics statements="9" coveredstatements="0" conditionals="14" coveredconditionals="0" methods="2" coveredmethods="0"/>
        <line num="29" count="0" type="stmt"/>
        <line num="30" count="0" type="stmt"/>
        <line num="31" count="0" type="stmt"/>
        <line num="32" count="0" type="stmt"/>
        <line num="33" count="0" type="stmt"/>
        <line num="37" count="0" type="stmt"/>
        <line num="38" count="0" type="cond" truecount="0" falsecount="4"/>
        <line num="46" count="0" type="cond" truecount="0" falsecount="8"/>
        <line num="47" count="0" type="cond" truecount="0" falsecount="2"/>
      </file>
    </package>
    <package name="src.movie.presentation.dto">
      <metrics statements="6" coveredstatements="0" conditionals="0" coveredconditionals="0" methods="1" coveredmethods="0"/>
      <file name="get-movies.dto.ts" path="/Users/golf/Desktop/netflix-demo-api/src/movie/presentation/dto/get-movies.dto.ts">
        <metrics statements="6" coveredstatements="0" conditionals="0" coveredconditionals="0" methods="1" coveredmethods="0"/>
        <line num="2" count="0" type="stmt"/>
        <line num="3" count="0" type="stmt"/>
        <line num="4" count="0" type="stmt"/>
        <line num="6" count="0" type="stmt"/>
        <line num="9" count="0" type="stmt"/>
        <line num="12" count="0" type="stmt"/>
      </file>
    </package>
  </project>
</coverage>
