{"/Users/golf/Desktop/netflix-demo-api/src/app.controller.ts": {"path":"/Users/golf/Desktop/netflix-demo-api/src/app.controller.ts","statementMap":{"0":{"start":{"line":1,"column":0},"end":{"line":1,"column":49}},"1":{"start":{"line":2,"column":0},"end":{"line":2,"column":43}},"2":{"start":{"line":5,"column":7},"end":{"line":12,"column":null}},"3":{"start":{"line":6,"column":31},"end":{"line":6,"column":43}},"4":{"start":{"line":10,"column":4},"end":{"line":10,"column":38}},"5":{"start":{"line":5,"column":13},"end":{"line":5,"column":26}},"6":{"start":{"line":9,"column":2},"end":{"line":11,"column":null}},"7":{"start":{"line":5,"column":13},"end":{"line":12,"column":null}}},"fnMap":{"0":{"name":"(anonymous_2)","decl":{"start":{"line":6,"column":2},"end":{"line":6,"column":31}},"loc":{"start":{"line":6,"column":53},"end":{"line":6,"column":57}}},"1":{"name":"(anonymous_3)","decl":{"start":{"line":9,"column":2},"end":{"line":9,"column":10}},"loc":{"start":{"line":9,"column":10},"end":{"line":11,"column":3}}}},"branchMap":{"0":{"loc":{"start":{"line":6,"column":43},"end":{"line":6,"column":56}},"type":"cond-expr","locations":[{"start":{"line":6,"column":53},"end":{"line":6,"column":56}},{"start":{"line":6,"column":53},"end":{"line":6,"column":56}}]},"1":{"loc":{"start":{"line":6,"column":43},"end":{"line":6,"column":53}},"type":"binary-expr","locations":[{"start":{"line":6,"column":43},"end":{"line":6,"column":56}},{"start":{"line":6,"column":43},"end":{"line":6,"column":53}}]}},"s":{"0":1,"1":1,"2":1,"3":1,"4":1,"5":1,"6":1,"7":1},"f":{"0":1,"1":1},"b":{"0":[1,0],"1":[1,1]}}
,"/Users/golf/Desktop/netflix-demo-api/src/app.module.ts": {"path":"/Users/golf/Desktop/netflix-demo-api/src/app.module.ts","statementMap":{"0":{"start":{"line":1,"column":0},"end":{"line":1,"column":40}},"1":{"start":{"line":2,"column":0},"end":{"line":2,"column":51}},"2":{"start":{"line":7,"column":7},"end":{"line":7,"column":null}},"3":{"start":{"line":7,"column":13},"end":{"line":7,"column":22}},"4":{"start":{"line":7,"column":13},"end":{"line":7,"column":null}}},"fnMap":{},"branchMap":{},"s":{"0":0,"1":0,"2":0,"3":0,"4":0},"f":{},"b":{}}
,"/Users/golf/Desktop/netflix-demo-api/src/app.service.ts": {"path":"/Users/golf/Desktop/netflix-demo-api/src/app.service.ts","statementMap":{"0":{"start":{"line":1,"column":0},"end":{"line":1,"column":44}},"1":{"start":{"line":4,"column":7},"end":{"line":8,"column":null}},"2":{"start":{"line":6,"column":4},"end":{"line":6,"column":26}},"3":{"start":{"line":4,"column":13},"end":{"line":4,"column":23}},"4":{"start":{"line":4,"column":13},"end":{"line":8,"column":null}}},"fnMap":{"0":{"name":"(anonymous_1)","decl":{"start":{"line":5,"column":2},"end":{"line":5,"column":10}},"loc":{"start":{"line":5,"column":10},"end":{"line":7,"column":3}}}},"branchMap":{},"s":{"0":1,"1":1,"2":1,"3":1,"4":1},"f":{"0":1},"b":{}}
,"/Users/golf/Desktop/netflix-demo-api/src/main.ts": {"path":"/Users/golf/Desktop/netflix-demo-api/src/main.ts","statementMap":{"0":{"start":{"line":1,"column":0},"end":{"line":1,"column":43}},"1":{"start":{"line":2,"column":0},"end":{"line":2,"column":41}},"2":{"start":{"line":3,"column":0},"end":{"line":3,"column":65}},"3":{"start":{"line":4,"column":0},"end":{"line":4,"column":33}},"4":{"start":{"line":7,"column":2},"end":{"line":7,"column":18}},"5":{"start":{"line":8,"column":14},"end":{"line":8,"column":49}},"6":{"start":{"line":10,"column":17},"end":{"line":14,"column":12}},"7":{"start":{"line":16,"column":19},"end":{"line":16,"column":60}},"8":{"start":{"line":17,"column":2},"end":{"line":17,"column":44}},"9":{"start":{"line":18,"column":2},"end":{"line":18,"column":25}},"10":{"start":{"line":19,"column":2},"end":{"line":19,"column":57}},"11":{"start":{"line":20,"column":2},"end":{"line":20,"column":57}},"12":{"start":{"line":22,"column":0},"end":{"line":22,"column":12}}},"fnMap":{"0":{"name":"bootstrap","decl":{"start":{"line":6,"column":15},"end":{"line":6,"column":24}},"loc":{"start":{"line":6,"column":24},"end":{"line":21,"column":1}}}},"branchMap":{},"s":{"0":0,"1":0,"2":0,"3":0,"4":0,"5":0,"6":0,"7":0,"8":0,"9":0,"10":0,"11":0,"12":0},"f":{"0":0},"b":{}}
,"/Users/golf/Desktop/netflix-demo-api/src/movie/movie.module.ts": {"path":"/Users/golf/Desktop/netflix-demo-api/src/movie/movie.module.ts","statementMap":{"0":{"start":{"line":3,"column":0},"end":{"line":3,"column":40}},"1":{"start":{"line":4,"column":0},"end":{"line":4,"column":66}},"2":{"start":{"line":5,"column":0},"end":{"line":5,"column":47}},"3":{"start":{"line":6,"column":0},"end":{"line":6,"column":72}},"4":{"start":{"line":7,"column":0},"end":{"line":7,"column":67}},"5":{"start":{"line":26,"column":7},"end":{"line":26,"column":null}},"6":{"start":{"line":26,"column":13},"end":{"line":26,"column":24}},"7":{"start":{"line":26,"column":13},"end":{"line":26,"column":null}},"8":{"start":{"line":20,"column":33},"end":{"line":20,"column":64}}},"fnMap":{"0":{"name":"(anonymous_1)","decl":{"start":{"line":20,"column":18},"end":{"line":20,"column":19}},"loc":{"start":{"line":20,"column":33},"end":{"line":20,"column":64}}}},"branchMap":{},"s":{"0":0,"1":0,"2":0,"3":0,"4":0,"5":0,"6":0,"7":0,"8":0},"f":{"0":0},"b":{}}
,"/Users/golf/Desktop/netflix-demo-api/src/movie/movie.service.ts": {"path":"/Users/golf/Desktop/netflix-demo-api/src/movie/movie.service.ts","statementMap":{"0":{"start":{"line":1,"column":0},"end":{"line":1,"column":44}},"1":{"start":{"line":2,"column":0},"end":{"line":2,"column":72}},"2":{"start":{"line":5,"column":7},"end":{"line":11,"column":null}},"3":{"start":{"line":6,"column":31},"end":{"line":6,"column":49}},"4":{"start":{"line":9,"column":4},"end":{"line":9,"column":47}},"5":{"start":{"line":5,"column":13},"end":{"line":5,"column":25}},"6":{"start":{"line":5,"column":13},"end":{"line":11,"column":null}}},"fnMap":{"0":{"name":"(anonymous_2)","decl":{"start":{"line":6,"column":2},"end":{"line":6,"column":31}},"loc":{"start":{"line":6,"column":65},"end":{"line":6,"column":69}}},"1":{"name":"(anonymous_3)","decl":{"start":{"line":8,"column":2},"end":{"line":8,"column":7}},"loc":{"start":{"line":8,"column":37},"end":{"line":10,"column":3}}}},"branchMap":{"0":{"loc":{"start":{"line":6,"column":49},"end":{"line":6,"column":68}},"type":"cond-expr","locations":[{"start":{"line":6,"column":65},"end":{"line":6,"column":68}},{"start":{"line":6,"column":65},"end":{"line":6,"column":68}}]},"1":{"loc":{"start":{"line":6,"column":49},"end":{"line":6,"column":65}},"type":"binary-expr","locations":[{"start":{"line":6,"column":49},"end":{"line":6,"column":68}},{"start":{"line":6,"column":49},"end":{"line":6,"column":65}}]}},"s":{"0":1,"1":1,"2":1,"3":1,"4":1,"5":1,"6":1},"f":{"0":1,"1":1},"b":{"0":[1,0],"1":[1,1]}}
,"/Users/golf/Desktop/netflix-demo-api/src/movie/data/movie.repository.impl.ts": {"path":"/Users/golf/Desktop/netflix-demo-api/src/movie/data/movie.repository.impl.ts","statementMap":{"0":{"start":{"line":5,"column":0},"end":{"line":5,"column":44}},"1":{"start":{"line":8,"column":0},"end":{"line":8,"column":31}},"2":{"start":{"line":9,"column":0},"end":{"line":9,"column":33}},"3":{"start":{"line":10,"column":0},"end":{"line":10,"column":16}},"4":{"start":{"line":13,"column":7},"end":{"line":38,"column":null}},"5":{"start":{"line":15,"column":4},"end":{"line":15,"column":128}},"6":{"start":{"line":16,"column":29},"end":{"line":22,"column":4}},"7":{"start":{"line":25,"column":21},"end":{"line":25,"column":74}},"8":{"start":{"line":26,"column":4},"end":{"line":28,"column":5}},"9":{"start":{"line":27,"column":6},"end":{"line":27,"column":58}},"10":{"start":{"line":29,"column":17},"end":{"line":29,"column":38}},"11":{"start":{"line":30,"column":4},"end":{"line":36,"column":8}},"12":{"start":{"line":30,"column":44},"end":{"line":36,"column":6}},"13":{"start":{"line":13,"column":13},"end":{"line":13,"column":32}},"14":{"start":{"line":13,"column":13},"end":{"line":38,"column":null}}},"fnMap":{"0":{"name":"(anonymous_11)","decl":{"start":{"line":24,"column":2},"end":{"line":24,"column":7}},"loc":{"start":{"line":24,"column":37},"end":{"line":37,"column":3}}},"1":{"name":"(anonymous_12)","decl":{"start":{"line":30,"column":28},"end":{"line":30,"column":29}},"loc":{"start":{"line":30,"column":44},"end":{"line":36,"column":6}}}},"branchMap":{"0":{"loc":{"start":{"line":20,"column":24},"end":{"line":20,"column":54}},"type":"binary-expr","locations":[{"start":{"line":20,"column":24},"end":{"line":20,"column":48}},{"start":{"line":20,"column":52},"end":{"line":20,"column":54}}]},"1":{"loc":{"start":{"line":26,"column":4},"end":{"line":28,"column":5}},"type":"if","locations":[{"start":{"line":26,"column":4},"end":{"line":28,"column":5}},{"start":{},"end":{}}]}},"s":{"0":0,"1":0,"2":0,"3":0,"4":0,"5":0,"6":0,"7":0,"8":0,"9":0,"10":0,"11":0,"12":0,"13":0,"14":0},"f":{"0":0,"1":0},"b":{"0":[0,0],"1":[0,0]}}
,"/Users/golf/Desktop/netflix-demo-api/src/movie/domain/entities/movie.entity.ts": {"path":"/Users/golf/Desktop/netflix-demo-api/src/movie/domain/entities/movie.entity.ts","statementMap":{"0":{"start":{"line":1,"column":0},"end":{"line":1,"column":46}},"1":{"start":{"line":3,"column":0},"end":{"line":3,"column":13}},"2":{"start":{"line":5,"column":2},"end":{"line":5,"column":null}},"3":{"start":{"line":8,"column":2},"end":{"line":8,"column":null}},"4":{"start":{"line":14,"column":2},"end":{"line":14,"column":null}},"5":{"start":{"line":17,"column":2},"end":{"line":17,"column":null}},"6":{"start":{"line":23,"column":2},"end":{"line":23,"column":null}}},"fnMap":{},"branchMap":{},"s":{"0":0,"1":0,"2":0,"3":0,"4":0,"5":0,"6":0},"f":{},"b":{}}
,"/Users/golf/Desktop/netflix-demo-api/src/movie/domain/usecases/get-movies.usecase.ts": {"path":"/Users/golf/Desktop/netflix-demo-api/src/movie/domain/usecases/get-movies.usecase.ts","statementMap":{"0":{"start":{"line":3,"column":0},"end":{"line":3,"column":44}},"1":{"start":{"line":8,"column":7},"end":{"line":14,"column":null}},"2":{"start":{"line":9,"column":31},"end":{"line":9,"column":57}},"3":{"start":{"line":12,"column":4},"end":{"line":12,"column":49}},"4":{"start":{"line":8,"column":13},"end":{"line":8,"column":29}},"5":{"start":{"line":8,"column":13},"end":{"line":14,"column":null}}},"fnMap":{"0":{"name":"(anonymous_2)","decl":{"start":{"line":9,"column":2},"end":{"line":9,"column":31}},"loc":{"start":{"line":9,"column":57},"end":{"line":9,"column":61}}},"1":{"name":"(anonymous_3)","decl":{"start":{"line":11,"column":2},"end":{"line":11,"column":7}},"loc":{"start":{"line":11,"column":32},"end":{"line":13,"column":3}}}},"branchMap":{"0":{"loc":{"start":{"line":11,"column":16},"end":{"line":11,"column":32}},"type":"default-arg","locations":[{"start":{"line":11,"column":31},"end":{"line":11,"column":32}}]}},"s":{"0":2,"1":2,"2":1,"3":1,"4":2,"5":2},"f":{"0":1,"1":1},"b":{"0":[0]}}
,"/Users/golf/Desktop/netflix-demo-api/src/movie/presentation/movie.controller.ts": {"path":"/Users/golf/Desktop/netflix-demo-api/src/movie/presentation/movie.controller.ts","statementMap":{"0":{"start":{"line":29,"column":0},"end":{"line":29,"column":56}},"1":{"start":{"line":30,"column":0},"end":{"line":30,"column":55}},"2":{"start":{"line":31,"column":0},"end":{"line":31,"column":48}},"3":{"start":{"line":32,"column":0},"end":{"line":32,"column":52}},"4":{"start":{"line":33,"column":0},"end":{"line":33,"column":56}},"5":{"start":{"line":37,"column":7},"end":{"line":49,"column":null}},"6":{"start":{"line":38,"column":31},"end":{"line":38,"column":45}},"7":{"start":{"line":47,"column":4},"end":{"line":47,"column":63}},"8":{"start":{"line":37,"column":13},"end":{"line":37,"column":28}},"9":{"start":{"line":46,"column":8},"end":{"line":48,"column":null}},"10":{"start":{"line":37,"column":13},"end":{"line":49,"column":null}}},"fnMap":{"0":{"name":"(anonymous_4)","decl":{"start":{"line":38,"column":2},"end":{"line":38,"column":31}},"loc":{"start":{"line":38,"column":57},"end":{"line":38,"column":61}}},"1":{"name":"(anonymous_5)","decl":{"start":{"line":46,"column":8},"end":{"line":46,"column":24}},"loc":{"start":{"line":46,"column":53},"end":{"line":48,"column":3}}}},"branchMap":{"0":{"loc":{"start":{"line":47,"column":46},"end":{"line":47,"column":61}},"type":"binary-expr","locations":[{"start":{"line":47,"column":46},"end":{"line":47,"column":56}},{"start":{"line":47,"column":60},"end":{"line":47,"column":61}}]},"1":{"loc":{"start":{"line":46,"column":41},"end":{"line":46,"column":56}},"type":"cond-expr","locations":[{"start":{"line":46,"column":53},"end":{"line":46,"column":56}},{"start":{"line":46,"column":53},"end":{"line":46,"column":56}}]},"2":{"loc":{"start":{"line":46,"column":41},"end":{"line":46,"column":53}},"type":"binary-expr","locations":[{"start":{"line":46,"column":41},"end":{"line":46,"column":56}},{"start":{"line":46,"column":41},"end":{"line":46,"column":53}}]},"3":{"loc":{"start":{"line":46,"column":56},"end":{"line":46,"column":null}},"type":"cond-expr","locations":[{"start":{"line":46,"column":63},"end":{"line":46,"column":null}},{"start":{"line":46,"column":63},"end":{"line":46,"column":null}}]},"4":{"loc":{"start":{"line":46,"column":56},"end":{"line":46,"column":63}},"type":"binary-expr","locations":[{"start":{"line":46,"column":56},"end":{"line":46,"column":null}},{"start":{"line":46,"column":56},"end":{"line":46,"column":63}}]},"5":{"loc":{"start":{"line":38,"column":45},"end":{"line":38,"column":60}},"type":"cond-expr","locations":[{"start":{"line":38,"column":57},"end":{"line":38,"column":60}},{"start":{"line":38,"column":57},"end":{"line":38,"column":60}}]},"6":{"loc":{"start":{"line":38,"column":45},"end":{"line":38,"column":57}},"type":"binary-expr","locations":[{"start":{"line":38,"column":45},"end":{"line":38,"column":60}},{"start":{"line":38,"column":45},"end":{"line":38,"column":57}}]}},"s":{"0":0,"1":0,"2":0,"3":0,"4":0,"5":0,"6":0,"7":0,"8":0,"9":0,"10":0},"f":{"0":0,"1":0},"b":{"0":[0,0],"1":[0,0],"2":[0,0],"3":[0,0],"4":[0,0],"5":[0,0],"6":[0,0]}}
,"/Users/golf/Desktop/netflix-demo-api/src/movie/presentation/dto/get-movies.dto.ts": {"path":"/Users/golf/Desktop/netflix-demo-api/src/movie/presentation/dto/get-movies.dto.ts","statementMap":{"0":{"start":{"line":2,"column":0},"end":{"line":2,"column":54}},"1":{"start":{"line":3,"column":0},"end":{"line":3,"column":57}},"2":{"start":{"line":4,"column":0},"end":{"line":4,"column":41}},"3":{"start":{"line":12,"column":18},"end":{"line":12,"column":19}},"4":{"start":{"line":6,"column":0},"end":{"line":6,"column":13}},"5":{"start":{"line":12,"column":2},"end":{"line":12,"column":null}},"6":{"start":{"line":9,"column":14},"end":{"line":9,"column":20}}},"fnMap":{"0":{"name":"(anonymous_2)","decl":{"start":{"line":9,"column":8},"end":{"line":9,"column":11}},"loc":{"start":{"line":9,"column":14},"end":{"line":9,"column":20}}}},"branchMap":{},"s":{"0":0,"1":0,"2":0,"3":0,"4":0,"5":0,"6":0},"f":{"0":0},"b":{}}
}
