{"total": {"lines":{"total":200,"covered":18,"skipped":0,"pct":9},"statements":{"total":754,"covered":26,"skipped":0,"pct":3.44},"functions":{"total":68,"covered":7,"skipped":0,"pct":10.29},"branches":{"total":358,"covered":6,"skipped":0,"pct":1.67},"branchesTrue":{"total":0,"covered":0,"skipped":0,"pct":100}}
,"/Users/golf/Desktop/netflix-demo-api/src/app.controller.ts": {"lines":{"total":6,"covered":6,"skipped":0,"pct":100},"functions":{"total":2,"covered":2,"skipped":0,"pct":100},"statements":{"total":8,"covered":8,"skipped":0,"pct":100},"branches":{"total":4,"covered":3,"skipped":0,"pct":75}}
,"/Users/golf/Desktop/netflix-demo-api/src/app.module.ts": {"lines":{"total":3,"covered":0,"skipped":0,"pct":0},"functions":{"total":0,"covered":0,"skipped":0,"pct":100},"statements":{"total":5,"covered":0,"skipped":0,"pct":0},"branches":{"total":0,"covered":0,"skipped":0,"pct":100}}
,"/Users/golf/Desktop/netflix-demo-api/src/app.service.ts": {"lines":{"total":3,"covered":3,"skipped":0,"pct":100},"functions":{"total":1,"covered":1,"skipped":0,"pct":100},"statements":{"total":5,"covered":5,"skipped":0,"pct":100},"branches":{"total":0,"covered":0,"skipped":0,"pct":100}}
,"/Users/golf/Desktop/netflix-demo-api/src/main.ts": {"lines":{"total":13,"covered":0,"skipped":0,"pct":0},"functions":{"total":1,"covered":0,"skipped":0,"pct":0},"statements":{"total":13,"covered":0,"skipped":0,"pct":0},"branches":{"total":0,"covered":0,"skipped":0,"pct":100}}
,"/Users/golf/Desktop/netflix-demo-api/src/coverage/unit/lcov-report/block-navigation.js": {"lines":{"total":30,"covered":0,"skipped":0,"pct":0},"functions":{"total":6,"covered":0,"skipped":0,"pct":0},"statements":{"total":30,"covered":0,"skipped":0,"pct":0},"branches":{"total":19,"covered":0,"skipped":0,"pct":0}}
,"/Users/golf/Desktop/netflix-demo-api/src/coverage/unit/lcov-report/prettify.js": {"lines":{"total":1,"covered":0,"skipped":0,"pct":0},"functions":{"total":29,"covered":0,"skipped":0,"pct":0},"statements":{"total":536,"covered":0,"skipped":0,"pct":0},"branches":{"total":286,"covered":0,"skipped":0,"pct":0}}
,"/Users/golf/Desktop/netflix-demo-api/src/coverage/unit/lcov-report/sorter.js": {"lines":{"total":94,"covered":0,"skipped":0,"pct":0},"functions":{"total":19,"covered":0,"skipped":0,"pct":0},"statements":{"total":95,"covered":0,"skipped":0,"pct":0},"branches":{"total":26,"covered":0,"skipped":0,"pct":0}}
,"/Users/golf/Desktop/netflix-demo-api/src/movie/movie.module.ts": {"lines":{"total":7,"covered":0,"skipped":0,"pct":0},"functions":{"total":1,"covered":0,"skipped":0,"pct":0},"statements":{"total":9,"covered":0,"skipped":0,"pct":0},"branches":{"total":0,"covered":0,"skipped":0,"pct":100}}
,"/Users/golf/Desktop/netflix-demo-api/src/movie/movie.service.ts": {"lines":{"total":5,"covered":5,"skipped":0,"pct":100},"functions":{"total":2,"covered":2,"skipped":0,"pct":100},"statements":{"total":7,"covered":7,"skipped":0,"pct":100},"branches":{"total":4,"covered":3,"skipped":0,"pct":75}}
,"/Users/golf/Desktop/netflix-demo-api/src/movie/data/movie.repository.impl.ts": {"lines":{"total":12,"covered":0,"skipped":0,"pct":0},"functions":{"total":2,"covered":0,"skipped":0,"pct":0},"statements":{"total":15,"covered":0,"skipped":0,"pct":0},"branches":{"total":4,"covered":0,"skipped":0,"pct":0}}
,"/Users/golf/Desktop/netflix-demo-api/src/movie/domain/entities/movie.entity.ts": {"lines":{"total":7,"covered":0,"skipped":0,"pct":0},"functions":{"total":0,"covered":0,"skipped":0,"pct":100},"statements":{"total":7,"covered":0,"skipped":0,"pct":0},"branches":{"total":0,"covered":0,"skipped":0,"pct":100}}
,"/Users/golf/Desktop/netflix-demo-api/src/movie/domain/usecases/get-movies.usecase.ts": {"lines":{"total":4,"covered":4,"skipped":0,"pct":100},"functions":{"total":2,"covered":2,"skipped":0,"pct":100},"statements":{"total":6,"covered":6,"skipped":0,"pct":100},"branches":{"total":1,"covered":0,"skipped":0,"pct":0}}
,"/Users/golf/Desktop/netflix-demo-api/src/movie/presentation/movie.controller.ts": {"lines":{"total":9,"covered":0,"skipped":0,"pct":0},"functions":{"total":2,"covered":0,"skipped":0,"pct":0},"statements":{"total":11,"covered":0,"skipped":0,"pct":0},"branches":{"total":14,"covered":0,"skipped":0,"pct":0}}
,"/Users/golf/Desktop/netflix-demo-api/src/movie/presentation/dto/get-movies.dto.ts": {"lines":{"total":6,"covered":0,"skipped":0,"pct":0},"functions":{"total":1,"covered":0,"skipped":0,"pct":0},"statements":{"total":7,"covered":0,"skipped":0,"pct":0},"branches":{"total":0,"covered":0,"skipped":0,"pct":100}}
}
